The target system is: Generic - 1 - 
The host system is: Linux - 5.4.0-77-generic - x86_64
Compiling the C compiler identification source file "CMakeCCompilerId.c" succeeded.
Compiler: /home/szy/gcc-arm-none-eabi-7-2017-q4-major/bin/arm-none-eabi-gcc 
Build flags: 
Id flags: -c 

The output was:
0


Compilation of the C compiler identification source "CMakeCCompilerId.c" produced "CMakeCCompilerId.o"

The C compiler identification is GNU, found in "/home/szy/STM32-files/tw_cart_chassis_clion/cmake-build-debug/CMakeFiles/3.19.2/CompilerIdC/CMakeCCompilerId.o"

Compiling the CXX compiler identification source file "CMakeCXXCompilerId.cpp" succeeded.
Compiler: /home/szy/gcc-arm-none-eabi-7-2017-q4-major/bin/arm-none-eabi-g++ 
Build flags: 
Id flags: -c 

The output was:
0


Compilation of the CXX compiler identification source "CMakeCXXCompilerId.cpp" produced "CMakeCXXCompilerId.o"

The CXX compiler identification is GNU, found in "/home/szy/STM32-files/tw_cart_chassis_clion/cmake-build-debug/CMakeFiles/3.19.2/CompilerIdCXX/CMakeCXXCompilerId.o"

Checking whether the ASM compiler is GNU using "--version" matched "(GNU assembler)|(GCC)|(Free Software Foundation)":
arm-none-eabi-gcc (GNU Tools for Arm Embedded Processors 7-2017-q4-major) 7.2.1 20170904 (release) [ARM/embedded-7-branch revision 255204]
Copyright (C) 2017 Free Software Foundation, Inc.
This is free software; see the source for copying conditions.  There is NO
warranty; not even for MERCHANTABILITY or FITNESS FOR A PARTICULAR PURPOSE.

Detecting C compiler ABI info compiled with the following output:
Change Dir: /home/szy/STM32-files/tw_cart_chassis_clion/cmake-build-debug/CMakeFiles/CMakeTmp

Run Build Command(s):/usr/bin/make cmTC_f3d31/fast && /usr/bin/make  -f CMakeFiles/cmTC_f3d31.dir/build.make CMakeFiles/cmTC_f3d31.dir/build
make[1]: Entering directory '/home/szy/STM32-files/tw_cart_chassis_clion/cmake-build-debug/CMakeFiles/CMakeTmp'
Building C object CMakeFiles/cmTC_f3d31.dir/CMakeCCompilerABI.c.obj
/home/szy/gcc-arm-none-eabi-7-2017-q4-major/bin/arm-none-eabi-gcc   -v -o CMakeFiles/cmTC_f3d31.dir/CMakeCCompilerABI.c.obj -c /home/szy/clion-2021.1/bin/cmake/linux/share/cmake-3.19/Modules/CMakeCCompilerABI.c
Using built-in specs.
COLLECT_GCC=/home/szy/gcc-arm-none-eabi-7-2017-q4-major/bin/arm-none-eabi-gcc
Target: arm-none-eabi
Configured with: /tmp/jenkins/jenkins-GCC-7-build_toolchain_docker-633_20171130_1512067137/src/gcc/configure --target=arm-none-eabi --prefix=/tmp/jenkins/jenkins-GCC-7-build_toolchain_docker-633_20171130_1512067137/install-native --libexecdir=/tmp/jenkins/jenkins-GCC-7-build_toolchain_docker-633_20171130_1512067137/install-native/lib --infodir=/tmp/jenkins/jenkins-GCC-7-build_toolchain_docker-633_20171130_1512067137/install-native/share/doc/gcc-arm-none-eabi/info --mandir=/tmp/jenkins/jenkins-GCC-7-build_toolchain_docker-633_20171130_1512067137/install-native/share/doc/gcc-arm-none-eabi/man --htmldir=/tmp/jenkins/jenkins-GCC-7-build_toolchain_docker-633_20171130_1512067137/install-native/share/doc/gcc-arm-none-eabi/html --pdfdir=/tmp/jenkins/jenkins-GCC-7-build_toolchain_docker-633_20171130_1512067137/install-native/share/doc/gcc-arm-none-eabi/pdf --enable-languages=c,c++ --enable-plugins --disable-decimal-float --disable-libffi --disable-libgomp --disable-libmudflap --disable-libquadmath --disable-libssp --disable-libstdcxx-pch --disable-nls --disable-shared --disable-threads --disable-tls --with-gnu-as --with-gnu-ld --with-newlib --with-headers=yes --with-python-dir=share/gcc-arm-none-eabi --with-sysroot=/tmp/jenkins/jenkins-GCC-7-build_toolchain_docker-633_20171130_1512067137/install-native/arm-none-eabi --build=x86_64-linux-gnu --host=x86_64-linux-gnu --with-gmp=/tmp/jenkins/jenkins-GCC-7-build_toolchain_docker-633_20171130_1512067137/build-native/host-libs/usr --with-mpfr=/tmp/jenkins/jenkins-GCC-7-build_toolchain_docker-633_20171130_1512067137/build-native/host-libs/usr --with-mpc=/tmp/jenkins/jenkins-GCC-7-build_toolchain_docker-633_20171130_1512067137/build-native/host-libs/usr --with-isl=/tmp/jenkins/jenkins-GCC-7-build_toolchain_docker-633_20171130_1512067137/build-native/host-libs/usr --with-libelf=/tmp/jenkins/jenkins-GCC-7-build_toolchain_docker-633_20171130_1512067137/build-native/host-libs/usr --with-host-libstdcxx='-static-libgcc -Wl,-Bstatic,-lstdc++,-Bdynamic -lm' --with-pkgversion='GNU Tools for Arm Embedded Processors 7-2017-q4-major' --with-multilib-list=rmprofile
Thread model: single
gcc version 7.2.1 20170904 (release) [ARM/embedded-7-branch revision 255204] (GNU Tools for Arm Embedded Processors 7-2017-q4-major) 
COLLECT_GCC_OPTIONS='-v' '-o' 'CMakeFiles/cmTC_f3d31.dir/CMakeCCompilerABI.c.obj' '-c'
 /home/szy/gcc-arm-none-eabi-7-2017-q4-major/bin/../lib/gcc/arm-none-eabi/7.2.1/cc1 -quiet -v -iprefix /home/szy/gcc-arm-none-eabi-7-2017-q4-major/bin/../lib/gcc/arm-none-eabi/7.2.1/ -isysroot /home/szy/gcc-arm-none-eabi-7-2017-q4-major/bin/../arm-none-eabi -D__USES_INITFINI__ /home/szy/clion-2021.1/bin/cmake/linux/share/cmake-3.19/Modules/CMakeCCompilerABI.c -quiet -dumpbase CMakeCCompilerABI.c -auxbase-strip CMakeFiles/cmTC_f3d31.dir/CMakeCCompilerABI.c.obj -version -o /tmp/ccFzh4PZ.s
GNU C11 (GNU Tools for Arm Embedded Processors 7-2017-q4-major) version 7.2.1 20170904 (release) [ARM/embedded-7-branch revision 255204] (arm-none-eabi)
	compiled by GNU C version 4.8.4, GMP version 6.1.0, MPFR version 3.1.4, MPC version 1.0.3, isl version isl-0.15-GMP

GGC heuristics: --param ggc-min-expand=100 --param ggc-min-heapsize=131072
ignoring duplicate directory "/home/szy/gcc-arm-none-eabi-7-2017-q4-major/bin/../lib/gcc/../../lib/gcc/arm-none-eabi/7.2.1/include"
ignoring nonexistent directory "/home/szy/gcc-arm-none-eabi-7-2017-q4-major/bin/../arm-none-eabi/usr/local/include"
ignoring duplicate directory "/home/szy/gcc-arm-none-eabi-7-2017-q4-major/bin/../lib/gcc/../../lib/gcc/arm-none-eabi/7.2.1/include-fixed"
ignoring duplicate directory "/home/szy/gcc-arm-none-eabi-7-2017-q4-major/bin/../lib/gcc/../../lib/gcc/arm-none-eabi/7.2.1/../../../../arm-none-eabi/include"
ignoring nonexistent directory "/home/szy/gcc-arm-none-eabi-7-2017-q4-major/bin/../arm-none-eabi/usr/include"
#include "..." search starts here:
#include <...> search starts here:
 /home/szy/gcc-arm-none-eabi-7-2017-q4-major/bin/../lib/gcc/arm-none-eabi/7.2.1/include
 /home/szy/gcc-arm-none-eabi-7-2017-q4-major/bin/../lib/gcc/arm-none-eabi/7.2.1/include-fixed
 /home/szy/gcc-arm-none-eabi-7-2017-q4-major/bin/../lib/gcc/arm-none-eabi/7.2.1/../../../../arm-none-eabi/include
End of search list.
GNU C11 (GNU Tools for Arm Embedded Processors 7-2017-q4-major) version 7.2.1 20170904 (release) [ARM/embedded-7-branch revision 255204] (arm-none-eabi)
	compiled by GNU C version 4.8.4, GMP version 6.1.0, MPFR version 3.1.4, MPC version 1.0.3, isl version isl-0.15-GMP

GGC heuristics: --param ggc-min-expand=100 --param ggc-min-heapsize=131072
Compiler executable checksum: 1d76a909f726f6b106e4dfbebe199a23
COLLECT_GCC_OPTIONS='-v' '-o' 'CMakeFiles/cmTC_f3d31.dir/CMakeCCompilerABI.c.obj' '-c'
 /home/szy/gcc-arm-none-eabi-7-2017-q4-major/bin/../lib/gcc/arm-none-eabi/7.2.1/../../../../arm-none-eabi/bin/as -v -meabi=5 -o CMakeFiles/cmTC_f3d31.dir/CMakeCCompilerABI.c.obj /tmp/ccFzh4PZ.s
GNU assembler version 2.29.51 (arm-none-eabi) using BFD version (GNU Tools for Arm Embedded Processors 7-2017-q4-major) 2.29.51.20171128
COMPILER_PATH=/home/szy/gcc-arm-none-eabi-7-2017-q4-major/bin/../lib/gcc/arm-none-eabi/7.2.1/:/home/szy/gcc-arm-none-eabi-7-2017-q4-major/bin/../lib/gcc/:/home/szy/gcc-arm-none-eabi-7-2017-q4-major/bin/../lib/gcc/arm-none-eabi/7.2.1/../../../../arm-none-eabi/bin/
LIBRARY_PATH=/home/szy/gcc-arm-none-eabi-7-2017-q4-major/bin/../lib/gcc/arm-none-eabi/7.2.1/:/home/szy/gcc-arm-none-eabi-7-2017-q4-major/bin/../lib/gcc/:/home/szy/gcc-arm-none-eabi-7-2017-q4-major/bin/../lib/gcc/arm-none-eabi/7.2.1/../../../../arm-none-eabi/lib/:/home/szy/gcc-arm-none-eabi-7-2017-q4-major/bin/../arm-none-eabi/lib/
COLLECT_GCC_OPTIONS='-v' '-o' 'CMakeFiles/cmTC_f3d31.dir/CMakeCCompilerABI.c.obj' '-c'
Linking C static library libcmTC_f3d31.a
/home/szy/clion-2021.1/bin/cmake/linux/bin/cmake -P CMakeFiles/cmTC_f3d31.dir/cmake_clean_target.cmake
/home/szy/clion-2021.1/bin/cmake/linux/bin/cmake -E cmake_link_script CMakeFiles/cmTC_f3d31.dir/link.txt --verbose=1
arm-none-eabi-ar qc libcmTC_f3d31.a CMakeFiles/cmTC_f3d31.dir/CMakeCCompilerABI.c.obj
/home/szy/gcc-arm-none-eabi-7-2017-q4-major/bin/arm-none-eabi-ranlib libcmTC_f3d31.a
make[1]: Leaving directory '/home/szy/STM32-files/tw_cart_chassis_clion/cmake-build-debug/CMakeFiles/CMakeTmp'



Parsed C implicit include dir info from above output: rv=done
  found start of include info
  found start of implicit include info
    add: [/home/szy/gcc-arm-none-eabi-7-2017-q4-major/bin/../lib/gcc/arm-none-eabi/7.2.1/include]
    add: [/home/szy/gcc-arm-none-eabi-7-2017-q4-major/bin/../lib/gcc/arm-none-eabi/7.2.1/include-fixed]
    add: [/home/szy/gcc-arm-none-eabi-7-2017-q4-major/bin/../lib/gcc/arm-none-eabi/7.2.1/../../../../arm-none-eabi/include]
  end of search list found
  collapse include dir [/home/szy/gcc-arm-none-eabi-7-2017-q4-major/bin/../lib/gcc/arm-none-eabi/7.2.1/include] ==> [/home/szy/gcc-arm-none-eabi-7-2017-q4-major/lib/gcc/arm-none-eabi/7.2.1/include]
  collapse include dir [/home/szy/gcc-arm-none-eabi-7-2017-q4-major/bin/../lib/gcc/arm-none-eabi/7.2.1/include-fixed] ==> [/home/szy/gcc-arm-none-eabi-7-2017-q4-major/lib/gcc/arm-none-eabi/7.2.1/include-fixed]
  collapse include dir [/home/szy/gcc-arm-none-eabi-7-2017-q4-major/bin/../lib/gcc/arm-none-eabi/7.2.1/../../../../arm-none-eabi/include] ==> [/home/szy/gcc-arm-none-eabi-7-2017-q4-major/arm-none-eabi/include]
  implicit include dirs: [/home/szy/gcc-arm-none-eabi-7-2017-q4-major/lib/gcc/arm-none-eabi/7.2.1/include;/home/szy/gcc-arm-none-eabi-7-2017-q4-major/lib/gcc/arm-none-eabi/7.2.1/include-fixed;/home/szy/gcc-arm-none-eabi-7-2017-q4-major/arm-none-eabi/include]


Parsed C implicit link information from above output:
  link line regex: [^( *|.*[/\])(arm-none-eabi-ld|CMAKE_LINK_STARTFILE-NOTFOUND|([^/\]+-)?ld|collect2)[^/\]*( |$)]
  ignore line: [Change Dir: /home/szy/STM32-files/tw_cart_chassis_clion/cmake-build-debug/CMakeFiles/CMakeTmp]
  ignore line: []
  ignore line: [Run Build Command(s):/usr/bin/make cmTC_f3d31/fast && /usr/bin/make  -f CMakeFiles/cmTC_f3d31.dir/build.make CMakeFiles/cmTC_f3d31.dir/build]
  ignore line: [make[1]: Entering directory '/home/szy/STM32-files/tw_cart_chassis_clion/cmake-build-debug/CMakeFiles/CMakeTmp']
  ignore line: [Building C object CMakeFiles/cmTC_f3d31.dir/CMakeCCompilerABI.c.obj]
  ignore line: [/home/szy/gcc-arm-none-eabi-7-2017-q4-major/bin/arm-none-eabi-gcc   -v -o CMakeFiles/cmTC_f3d31.dir/CMakeCCompilerABI.c.obj -c /home/szy/clion-2021.1/bin/cmake/linux/share/cmake-3.19/Modules/CMakeCCompilerABI.c]
  ignore line: [Using built-in specs.]
  ignore line: [COLLECT_GCC=/home/szy/gcc-arm-none-eabi-7-2017-q4-major/bin/arm-none-eabi-gcc]
  ignore line: [Target: arm-none-eabi]
  ignore line: [Configured with: /tmp/jenkins/jenkins-GCC-7-build_toolchain_docker-633_20171130_1512067137/src/gcc/configure --target=arm-none-eabi --prefix=/tmp/jenkins/jenkins-GCC-7-build_toolchain_docker-633_20171130_1512067137/install-native --libexecdir=/tmp/jenkins/jenkins-GCC-7-build_toolchain_docker-633_20171130_1512067137/install-native/lib --infodir=/tmp/jenkins/jenkins-GCC-7-build_toolchain_docker-633_20171130_1512067137/install-native/share/doc/gcc-arm-none-eabi/info --mandir=/tmp/jenkins/jenkins-GCC-7-build_toolchain_docker-633_20171130_1512067137/install-native/share/doc/gcc-arm-none-eabi/man --htmldir=/tmp/jenkins/jenkins-GCC-7-build_toolchain_docker-633_20171130_1512067137/install-native/share/doc/gcc-arm-none-eabi/html --pdfdir=/tmp/jenkins/jenkins-GCC-7-build_toolchain_docker-633_20171130_1512067137/install-native/share/doc/gcc-arm-none-eabi/pdf --enable-languages=c,c++ --enable-plugins --disable-decimal-float --disable-libffi --disable-libgomp --disable-libmudflap --disable-libquadmath --disable-libssp --disable-libstdcxx-pch --disable-nls --disable-shared --disable-threads --disable-tls --with-gnu-as --with-gnu-ld --with-newlib --with-headers=yes --with-python-dir=share/gcc-arm-none-eabi --with-sysroot=/tmp/jenkins/jenkins-GCC-7-build_toolchain_docker-633_20171130_1512067137/install-native/arm-none-eabi --build=x86_64-linux-gnu --host=x86_64-linux-gnu --with-gmp=/tmp/jenkins/jenkins-GCC-7-build_toolchain_docker-633_20171130_1512067137/build-native/host-libs/usr --with-mpfr=/tmp/jenkins/jenkins-GCC-7-build_toolchain_docker-633_20171130_1512067137/build-native/host-libs/usr --with-mpc=/tmp/jenkins/jenkins-GCC-7-build_toolchain_docker-633_20171130_1512067137/build-native/host-libs/usr --with-isl=/tmp/jenkins/jenkins-GCC-7-build_toolchain_docker-633_20171130_1512067137/build-native/host-libs/usr --with-libelf=/tmp/jenkins/jenkins-GCC-7-build_toolchain_docker-633_20171130_1512067137/build-native/host-libs/usr --with-host-libstdcxx='-static-libgcc -Wl,-Bstatic,-lstdc++,-Bdynamic -lm' --with-pkgversion='GNU Tools for Arm Embedded Processors 7-2017-q4-major' --with-multilib-list=rmprofile]
  ignore line: [Thread model: single]
  ignore line: [gcc version 7.2.1 20170904 (release) [ARM/embedded-7-branch revision 255204] (GNU Tools for Arm Embedded Processors 7-2017-q4-major) ]
  ignore line: [COLLECT_GCC_OPTIONS='-v' '-o' 'CMakeFiles/cmTC_f3d31.dir/CMakeCCompilerABI.c.obj' '-c']
  ignore line: [ /home/szy/gcc-arm-none-eabi-7-2017-q4-major/bin/../lib/gcc/arm-none-eabi/7.2.1/cc1 -quiet -v -iprefix /home/szy/gcc-arm-none-eabi-7-2017-q4-major/bin/../lib/gcc/arm-none-eabi/7.2.1/ -isysroot /home/szy/gcc-arm-none-eabi-7-2017-q4-major/bin/../arm-none-eabi -D__USES_INITFINI__ /home/szy/clion-2021.1/bin/cmake/linux/share/cmake-3.19/Modules/CMakeCCompilerABI.c -quiet -dumpbase CMakeCCompilerABI.c -auxbase-strip CMakeFiles/cmTC_f3d31.dir/CMakeCCompilerABI.c.obj -version -o /tmp/ccFzh4PZ.s]
  ignore line: [GNU C11 (GNU Tools for Arm Embedded Processors 7-2017-q4-major) version 7.2.1 20170904 (release) [ARM/embedded-7-branch revision 255204] (arm-none-eabi)]
  ignore line: [	compiled by GNU C version 4.8.4  GMP version 6.1.0  MPFR version 3.1.4  MPC version 1.0.3  isl version isl-0.15-GMP]
  ignore line: []
  ignore line: [GGC heuristics: --param ggc-min-expand=100 --param ggc-min-heapsize=131072]
  ignore line: [ignoring duplicate directory "/home/szy/gcc-arm-none-eabi-7-2017-q4-major/bin/../lib/gcc/../../lib/gcc/arm-none-eabi/7.2.1/include"]
  ignore line: [ignoring nonexistent directory "/home/szy/gcc-arm-none-eabi-7-2017-q4-major/bin/../arm-none-eabi/usr/local/include"]
  ignore line: [ignoring duplicate directory "/home/szy/gcc-arm-none-eabi-7-2017-q4-major/bin/../lib/gcc/../../lib/gcc/arm-none-eabi/7.2.1/include-fixed"]
  ignore line: [ignoring duplicate directory "/home/szy/gcc-arm-none-eabi-7-2017-q4-major/bin/../lib/gcc/../../lib/gcc/arm-none-eabi/7.2.1/../../../../arm-none-eabi/include"]
  ignore line: [ignoring nonexistent directory "/home/szy/gcc-arm-none-eabi-7-2017-q4-major/bin/../arm-none-eabi/usr/include"]
  ignore line: [#include "..." search starts here:]
  ignore line: [#include <...> search starts here:]
  ignore line: [ /home/szy/gcc-arm-none-eabi-7-2017-q4-major/bin/../lib/gcc/arm-none-eabi/7.2.1/include]
  ignore line: [ /home/szy/gcc-arm-none-eabi-7-2017-q4-major/bin/../lib/gcc/arm-none-eabi/7.2.1/include-fixed]
  ignore line: [ /home/szy/gcc-arm-none-eabi-7-2017-q4-major/bin/../lib/gcc/arm-none-eabi/7.2.1/../../../../arm-none-eabi/include]
  ignore line: [End of search list.]
  ignore line: [GNU C11 (GNU Tools for Arm Embedded Processors 7-2017-q4-major) version 7.2.1 20170904 (release) [ARM/embedded-7-branch revision 255204] (arm-none-eabi)]
  ignore line: [	compiled by GNU C version 4.8.4  GMP version 6.1.0  MPFR version 3.1.4  MPC version 1.0.3  isl version isl-0.15-GMP]
  ignore line: []
  ignore line: [GGC heuristics: --param ggc-min-expand=100 --param ggc-min-heapsize=131072]
  ignore line: [Compiler executable checksum: 1d76a909f726f6b106e4dfbebe199a23]
  ignore line: [COLLECT_GCC_OPTIONS='-v' '-o' 'CMakeFiles/cmTC_f3d31.dir/CMakeCCompilerABI.c.obj' '-c']
  ignore line: [ /home/szy/gcc-arm-none-eabi-7-2017-q4-major/bin/../lib/gcc/arm-none-eabi/7.2.1/../../../../arm-none-eabi/bin/as -v -meabi=5 -o CMakeFiles/cmTC_f3d31.dir/CMakeCCompilerABI.c.obj /tmp/ccFzh4PZ.s]
  ignore line: [GNU assembler version 2.29.51 (arm-none-eabi) using BFD version (GNU Tools for Arm Embedded Processors 7-2017-q4-major) 2.29.51.20171128]
  ignore line: [COMPILER_PATH=/home/szy/gcc-arm-none-eabi-7-2017-q4-major/bin/../lib/gcc/arm-none-eabi/7.2.1/:/home/szy/gcc-arm-none-eabi-7-2017-q4-major/bin/../lib/gcc/:/home/szy/gcc-arm-none-eabi-7-2017-q4-major/bin/../lib/gcc/arm-none-eabi/7.2.1/../../../../arm-none-eabi/bin/]
  ignore line: [LIBRARY_PATH=/home/szy/gcc-arm-none-eabi-7-2017-q4-major/bin/../lib/gcc/arm-none-eabi/7.2.1/:/home/szy/gcc-arm-none-eabi-7-2017-q4-major/bin/../lib/gcc/:/home/szy/gcc-arm-none-eabi-7-2017-q4-major/bin/../lib/gcc/arm-none-eabi/7.2.1/../../../../arm-none-eabi/lib/:/home/szy/gcc-arm-none-eabi-7-2017-q4-major/bin/../arm-none-eabi/lib/]
  ignore line: [COLLECT_GCC_OPTIONS='-v' '-o' 'CMakeFiles/cmTC_f3d31.dir/CMakeCCompilerABI.c.obj' '-c']
  ignore line: [Linking C static library libcmTC_f3d31.a]
  ignore line: [/home/szy/clion-2021.1/bin/cmake/linux/bin/cmake -P CMakeFiles/cmTC_f3d31.dir/cmake_clean_target.cmake]
  ignore line: [/home/szy/clion-2021.1/bin/cmake/linux/bin/cmake -E cmake_link_script CMakeFiles/cmTC_f3d31.dir/link.txt --verbose=1]
  ignore line: [arm-none-eabi-ar qc libcmTC_f3d31.a CMakeFiles/cmTC_f3d31.dir/CMakeCCompilerABI.c.obj]
  ignore line: [/home/szy/gcc-arm-none-eabi-7-2017-q4-major/bin/arm-none-eabi-ranlib libcmTC_f3d31.a]
  ignore line: [make[1]: Leaving directory '/home/szy/STM32-files/tw_cart_chassis_clion/cmake-build-debug/CMakeFiles/CMakeTmp']
  ignore line: []
  ignore line: []
  implicit libs: []
  implicit dirs: []
  implicit fwks: []


Detecting CXX compiler ABI info compiled with the following output:
Change Dir: /home/szy/STM32-files/tw_cart_chassis_clion/cmake-build-debug/CMakeFiles/CMakeTmp

Run Build Command(s):/usr/bin/make cmTC_5f6a7/fast && /usr/bin/make  -f CMakeFiles/cmTC_5f6a7.dir/build.make CMakeFiles/cmTC_5f6a7.dir/build
make[1]: Entering directory '/home/szy/STM32-files/tw_cart_chassis_clion/cmake-build-debug/CMakeFiles/CMakeTmp'
Building CXX object CMakeFiles/cmTC_5f6a7.dir/CMakeCXXCompilerABI.cpp.obj
/home/szy/gcc-arm-none-eabi-7-2017-q4-major/bin/arm-none-eabi-g++   -v -o CMakeFiles/cmTC_5f6a7.dir/CMakeCXXCompilerABI.cpp.obj -c /home/szy/clion-2021.1/bin/cmake/linux/share/cmake-3.19/Modules/CMakeCXXCompilerABI.cpp
Using built-in specs.
COLLECT_GCC=/home/szy/gcc-arm-none-eabi-7-2017-q4-major/bin/arm-none-eabi-g++
Target: arm-none-eabi
Configured with: /tmp/jenkins/jenkins-GCC-7-build_toolchain_docker-633_20171130_1512067137/src/gcc/configure --target=arm-none-eabi --prefix=/tmp/jenkins/jenkins-GCC-7-build_toolchain_docker-633_20171130_1512067137/install-native --libexecdir=/tmp/jenkins/jenkins-GCC-7-build_toolchain_docker-633_20171130_1512067137/install-native/lib --infodir=/tmp/jenkins/jenkins-GCC-7-build_toolchain_docker-633_20171130_1512067137/install-native/share/doc/gcc-arm-none-eabi/info --mandir=/tmp/jenkins/jenkins-GCC-7-build_toolchain_docker-633_20171130_1512067137/install-native/share/doc/gcc-arm-none-eabi/man --htmldir=/tmp/jenkins/jenkins-GCC-7-build_toolchain_docker-633_20171130_1512067137/install-native/share/doc/gcc-arm-none-eabi/html --pdfdir=/tmp/jenkins/jenkins-GCC-7-build_toolchain_docker-633_20171130_1512067137/install-native/share/doc/gcc-arm-none-eabi/pdf --enable-languages=c,c++ --enable-plugins --disable-decimal-float --disable-libffi --disable-libgomp --disable-libmudflap --disable-libquadmath --disable-libssp --disable-libstdcxx-pch --disable-nls --disable-shared --disable-threads --disable-tls --with-gnu-as --with-gnu-ld --with-newlib --with-headers=yes --with-python-dir=share/gcc-arm-none-eabi --with-sysroot=/tmp/jenkins/jenkins-GCC-7-build_toolchain_docker-633_20171130_1512067137/install-native/arm-none-eabi --build=x86_64-linux-gnu --host=x86_64-linux-gnu --with-gmp=/tmp/jenkins/jenkins-GCC-7-build_toolchain_docker-633_20171130_1512067137/build-native/host-libs/usr --with-mpfr=/tmp/jenkins/jenkins-GCC-7-build_toolchain_docker-633_20171130_1512067137/build-native/host-libs/usr --with-mpc=/tmp/jenkins/jenkins-GCC-7-build_toolchain_docker-633_20171130_1512067137/build-native/host-libs/usr --with-isl=/tmp/jenkins/jenkins-GCC-7-build_toolchain_docker-633_20171130_1512067137/build-native/host-libs/usr --with-libelf=/tmp/jenkins/jenkins-GCC-7-build_toolchain_docker-633_20171130_1512067137/build-native/host-libs/usr --with-host-libstdcxx='-static-libgcc -Wl,-Bstatic,-lstdc++,-Bdynamic -lm' --with-pkgversion='GNU Tools for Arm Embedded Processors 7-2017-q4-major' --with-multilib-list=rmprofile
Thread model: single
gcc version 7.2.1 20170904 (release) [ARM/embedded-7-branch revision 255204] (GNU Tools for Arm Embedded Processors 7-2017-q4-major) 
COLLECT_GCC_OPTIONS='-v' '-o' 'CMakeFiles/cmTC_5f6a7.dir/CMakeCXXCompilerABI.cpp.obj' '-c'
 /home/szy/gcc-arm-none-eabi-7-2017-q4-major/bin/../lib/gcc/arm-none-eabi/7.2.1/cc1plus -quiet -v -iprefix /home/szy/gcc-arm-none-eabi-7-2017-q4-major/bin/../lib/gcc/arm-none-eabi/7.2.1/ -isysroot /home/szy/gcc-arm-none-eabi-7-2017-q4-major/bin/../arm-none-eabi -D__USES_INITFINI__ /home/szy/clion-2021.1/bin/cmake/linux/share/cmake-3.19/Modules/CMakeCXXCompilerABI.cpp -quiet -dumpbase CMakeCXXCompilerABI.cpp -auxbase-strip CMakeFiles/cmTC_5f6a7.dir/CMakeCXXCompilerABI.cpp.obj -version -o /tmp/ccVvtwX5.s
GNU C++14 (GNU Tools for Arm Embedded Processors 7-2017-q4-major) version 7.2.1 20170904 (release) [ARM/embedded-7-branch revision 255204] (arm-none-eabi)
	compiled by GNU C version 4.8.4, GMP version 6.1.0, MPFR version 3.1.4, MPC version 1.0.3, isl version isl-0.15-GMP

GGC heuristics: --param ggc-min-expand=100 --param ggc-min-heapsize=131072
ignoring duplicate directory "/home/szy/gcc-arm-none-eabi-7-2017-q4-major/bin/../lib/gcc/../../lib/gcc/arm-none-eabi/7.2.1/../../../../arm-none-eabi/include/c++/7.2.1"
ignoring duplicate directory "/home/szy/gcc-arm-none-eabi-7-2017-q4-major/bin/../lib/gcc/../../lib/gcc/arm-none-eabi/7.2.1/../../../../arm-none-eabi/include/c++/7.2.1/arm-none-eabi"
ignoring duplicate directory "/home/szy/gcc-arm-none-eabi-7-2017-q4-major/bin/../lib/gcc/../../lib/gcc/arm-none-eabi/7.2.1/../../../../arm-none-eabi/include/c++/7.2.1/backward"
ignoring duplicate directory "/home/szy/gcc-arm-none-eabi-7-2017-q4-major/bin/../lib/gcc/../../lib/gcc/arm-none-eabi/7.2.1/include"
ignoring nonexistent directory "/home/szy/gcc-arm-none-eabi-7-2017-q4-major/bin/../arm-none-eabi/usr/local/include"
ignoring duplicate directory "/home/szy/gcc-arm-none-eabi-7-2017-q4-major/bin/../lib/gcc/../../lib/gcc/arm-none-eabi/7.2.1/include-fixed"
ignoring duplicate directory "/home/szy/gcc-arm-none-eabi-7-2017-q4-major/bin/../lib/gcc/../../lib/gcc/arm-none-eabi/7.2.1/../../../../arm-none-eabi/include"
ignoring nonexistent directory "/home/szy/gcc-arm-none-eabi-7-2017-q4-major/bin/../arm-none-eabi/usr/include"
#include "..." search starts here:
#include <...> search starts here:
 /home/szy/gcc-arm-none-eabi-7-2017-q4-major/bin/../lib/gcc/arm-none-eabi/7.2.1/../../../../arm-none-eabi/include/c++/7.2.1
 /home/szy/gcc-arm-none-eabi-7-2017-q4-major/bin/../lib/gcc/arm-none-eabi/7.2.1/../../../../arm-none-eabi/include/c++/7.2.1/arm-none-eabi
 /home/szy/gcc-arm-none-eabi-7-2017-q4-major/bin/../lib/gcc/arm-none-eabi/7.2.1/../../../../arm-none-eabi/include/c++/7.2.1/backward
 /home/szy/gcc-arm-none-eabi-7-2017-q4-major/bin/../lib/gcc/arm-none-eabi/7.2.1/include
 /home/szy/gcc-arm-none-eabi-7-2017-q4-major/bin/../lib/gcc/arm-none-eabi/7.2.1/include-fixed
 /home/szy/gcc-arm-none-eabi-7-2017-q4-major/bin/../lib/gcc/arm-none-eabi/7.2.1/../../../../arm-none-eabi/include
End of search list.
GNU C++14 (GNU Tools for Arm Embedded Processors 7-2017-q4-major) version 7.2.1 20170904 (release) [ARM/embedded-7-branch revision 255204] (arm-none-eabi)
	compiled by GNU C version 4.8.4, GMP version 6.1.0, MPFR version 3.1.4, MPC version 1.0.3, isl version isl-0.15-GMP

GGC heuristics: --param ggc-min-expand=100 --param ggc-min-heapsize=131072
Compiler executable checksum: 92377522f4e1721a565bc0ceff793996
COLLECT_GCC_OPTIONS='-v' '-o' 'CMakeFiles/cmTC_5f6a7.dir/CMakeCXXCompilerABI.cpp.obj' '-c'
 /home/szy/gcc-arm-none-eabi-7-2017-q4-major/bin/../lib/gcc/arm-none-eabi/7.2.1/../../../../arm-none-eabi/bin/as -v -meabi=5 -o CMakeFiles/cmTC_5f6a7.dir/CMakeCXXCompilerABI.cpp.obj /tmp/ccVvtwX5.s
GNU assembler version 2.29.51 (arm-none-eabi) using BFD version (GNU Tools for Arm Embedded Processors 7-2017-q4-major) 2.29.51.20171128
COMPILER_PATH=/home/szy/gcc-arm-none-eabi-7-2017-q4-major/bin/../lib/gcc/arm-none-eabi/7.2.1/:/home/szy/gcc-arm-none-eabi-7-2017-q4-major/bin/../lib/gcc/:/home/szy/gcc-arm-none-eabi-7-2017-q4-major/bin/../lib/gcc/arm-none-eabi/7.2.1/../../../../arm-none-eabi/bin/
LIBRARY_PATH=/home/szy/gcc-arm-none-eabi-7-2017-q4-major/bin/../lib/gcc/arm-none-eabi/7.2.1/:/home/szy/gcc-arm-none-eabi-7-2017-q4-major/bin/../lib/gcc/:/home/szy/gcc-arm-none-eabi-7-2017-q4-major/bin/../lib/gcc/arm-none-eabi/7.2.1/../../../../arm-none-eabi/lib/:/home/szy/gcc-arm-none-eabi-7-2017-q4-major/bin/../arm-none-eabi/lib/
COLLECT_GCC_OPTIONS='-v' '-o' 'CMakeFiles/cmTC_5f6a7.dir/CMakeCXXCompilerABI.cpp.obj' '-c'
Linking CXX static library libcmTC_5f6a7.a
/home/szy/clion-2021.1/bin/cmake/linux/bin/cmake -P CMakeFiles/cmTC_5f6a7.dir/cmake_clean_target.cmake
/home/szy/clion-2021.1/bin/cmake/linux/bin/cmake -E cmake_link_script CMakeFiles/cmTC_5f6a7.dir/link.txt --verbose=1
arm-none-eabi-ar qc libcmTC_5f6a7.a CMakeFiles/cmTC_5f6a7.dir/CMakeCXXCompilerABI.cpp.obj
/home/szy/gcc-arm-none-eabi-7-2017-q4-major/bin/arm-none-eabi-ranlib libcmTC_5f6a7.a
make[1]: Leaving directory '/home/szy/STM32-files/tw_cart_chassis_clion/cmake-build-debug/CMakeFiles/CMakeTmp'



Parsed CXX implicit include dir info from above output: rv=done
  found start of include info
  found start of implicit include info
    add: [/home/szy/gcc-arm-none-eabi-7-2017-q4-major/bin/../lib/gcc/arm-none-eabi/7.2.1/../../../../arm-none-eabi/include/c++/7.2.1]
    add: [/home/szy/gcc-arm-none-eabi-7-2017-q4-major/bin/../lib/gcc/arm-none-eabi/7.2.1/../../../../arm-none-eabi/include/c++/7.2.1/arm-none-eabi]
    add: [/home/szy/gcc-arm-none-eabi-7-2017-q4-major/bin/../lib/gcc/arm-none-eabi/7.2.1/../../../../arm-none-eabi/include/c++/7.2.1/backward]
    add: [/home/szy/gcc-arm-none-eabi-7-2017-q4-major/bin/../lib/gcc/arm-none-eabi/7.2.1/include]
    add: [/home/szy/gcc-arm-none-eabi-7-2017-q4-major/bin/../lib/gcc/arm-none-eabi/7.2.1/include-fixed]
    add: [/home/szy/gcc-arm-none-eabi-7-2017-q4-major/bin/../lib/gcc/arm-none-eabi/7.2.1/../../../../arm-none-eabi/include]
  end of search list found
  collapse include dir [/home/szy/gcc-arm-none-eabi-7-2017-q4-major/bin/../lib/gcc/arm-none-eabi/7.2.1/../../../../arm-none-eabi/include/c++/7.2.1] ==> [/home/szy/gcc-arm-none-eabi-7-2017-q4-major/arm-none-eabi/include/c++/7.2.1]
  collapse include dir [/home/szy/gcc-arm-none-eabi-7-2017-q4-major/bin/../lib/gcc/arm-none-eabi/7.2.1/../../../../arm-none-eabi/include/c++/7.2.1/arm-none-eabi] ==> [/home/szy/gcc-arm-none-eabi-7-2017-q4-major/arm-none-eabi/include/c++/7.2.1/arm-none-eabi]
  collapse include dir [/home/szy/gcc-arm-none-eabi-7-2017-q4-major/bin/../lib/gcc/arm-none-eabi/7.2.1/../../../../arm-none-eabi/include/c++/7.2.1/backward] ==> [/home/szy/gcc-arm-none-eabi-7-2017-q4-major/arm-none-eabi/include/c++/7.2.1/backward]
  collapse include dir [/home/szy/gcc-arm-none-eabi-7-2017-q4-major/bin/../lib/gcc/arm-none-eabi/7.2.1/include] ==> [/home/szy/gcc-arm-none-eabi-7-2017-q4-major/lib/gcc/arm-none-eabi/7.2.1/include]
  collapse include dir [/home/szy/gcc-arm-none-eabi-7-2017-q4-major/bin/../lib/gcc/arm-none-eabi/7.2.1/include-fixed] ==> [/home/szy/gcc-arm-none-eabi-7-2017-q4-major/lib/gcc/arm-none-eabi/7.2.1/include-fixed]
  collapse include dir [/home/szy/gcc-arm-none-eabi-7-2017-q4-major/bin/../lib/gcc/arm-none-eabi/7.2.1/../../../../arm-none-eabi/include] ==> [/home/szy/gcc-arm-none-eabi-7-2017-q4-major/arm-none-eabi/include]
  implicit include dirs: [/home/szy/gcc-arm-none-eabi-7-2017-q4-major/arm-none-eabi/include/c++/7.2.1;/home/szy/gcc-arm-none-eabi-7-2017-q4-major/arm-none-eabi/include/c++/7.2.1/arm-none-eabi;/home/szy/gcc-arm-none-eabi-7-2017-q4-major/arm-none-eabi/include/c++/7.2.1/backward;/home/szy/gcc-arm-none-eabi-7-2017-q4-major/lib/gcc/arm-none-eabi/7.2.1/include;/home/szy/gcc-arm-none-eabi-7-2017-q4-major/lib/gcc/arm-none-eabi/7.2.1/include-fixed;/home/szy/gcc-arm-none-eabi-7-2017-q4-major/arm-none-eabi/include]


Parsed CXX implicit link information from above output:
  link line regex: [^( *|.*[/\])(arm-none-eabi-ld|CMAKE_LINK_STARTFILE-NOTFOUND|([^/\]+-)?ld|collect2)[^/\]*( |$)]
  ignore line: [Change Dir: /home/szy/STM32-files/tw_cart_chassis_clion/cmake-build-debug/CMakeFiles/CMakeTmp]
  ignore line: []
  ignore line: [Run Build Command(s):/usr/bin/make cmTC_5f6a7/fast && /usr/bin/make  -f CMakeFiles/cmTC_5f6a7.dir/build.make CMakeFiles/cmTC_5f6a7.dir/build]
  ignore line: [make[1]: Entering directory '/home/szy/STM32-files/tw_cart_chassis_clion/cmake-build-debug/CMakeFiles/CMakeTmp']
  ignore line: [Building CXX object CMakeFiles/cmTC_5f6a7.dir/CMakeCXXCompilerABI.cpp.obj]
  ignore line: [/home/szy/gcc-arm-none-eabi-7-2017-q4-major/bin/arm-none-eabi-g++   -v -o CMakeFiles/cmTC_5f6a7.dir/CMakeCXXCompilerABI.cpp.obj -c /home/szy/clion-2021.1/bin/cmake/linux/share/cmake-3.19/Modules/CMakeCXXCompilerABI.cpp]
  ignore line: [Using built-in specs.]
  ignore line: [COLLECT_GCC=/home/szy/gcc-arm-none-eabi-7-2017-q4-major/bin/arm-none-eabi-g++]
  ignore line: [Target: arm-none-eabi]
  ignore line: [Configured with: /tmp/jenkins/jenkins-GCC-7-build_toolchain_docker-633_20171130_1512067137/src/gcc/configure --target=arm-none-eabi --prefix=/tmp/jenkins/jenkins-GCC-7-build_toolchain_docker-633_20171130_1512067137/install-native --libexecdir=/tmp/jenkins/jenkins-GCC-7-build_toolchain_docker-633_20171130_1512067137/install-native/lib --infodir=/tmp/jenkins/jenkins-GCC-7-build_toolchain_docker-633_20171130_1512067137/install-native/share/doc/gcc-arm-none-eabi/info --mandir=/tmp/jenkins/jenkins-GCC-7-build_toolchain_docker-633_20171130_1512067137/install-native/share/doc/gcc-arm-none-eabi/man --htmldir=/tmp/jenkins/jenkins-GCC-7-build_toolchain_docker-633_20171130_1512067137/install-native/share/doc/gcc-arm-none-eabi/html --pdfdir=/tmp/jenkins/jenkins-GCC-7-build_toolchain_docker-633_20171130_1512067137/install-native/share/doc/gcc-arm-none-eabi/pdf --enable-languages=c,c++ --enable-plugins --disable-decimal-float --disable-libffi --disable-libgomp --disable-libmudflap --disable-libquadmath --disable-libssp --disable-libstdcxx-pch --disable-nls --disable-shared --disable-threads --disable-tls --with-gnu-as --with-gnu-ld --with-newlib --with-headers=yes --with-python-dir=share/gcc-arm-none-eabi --with-sysroot=/tmp/jenkins/jenkins-GCC-7-build_toolchain_docker-633_20171130_1512067137/install-native/arm-none-eabi --build=x86_64-linux-gnu --host=x86_64-linux-gnu --with-gmp=/tmp/jenkins/jenkins-GCC-7-build_toolchain_docker-633_20171130_1512067137/build-native/host-libs/usr --with-mpfr=/tmp/jenkins/jenkins-GCC-7-build_toolchain_docker-633_20171130_1512067137/build-native/host-libs/usr --with-mpc=/tmp/jenkins/jenkins-GCC-7-build_toolchain_docker-633_20171130_1512067137/build-native/host-libs/usr --with-isl=/tmp/jenkins/jenkins-GCC-7-build_toolchain_docker-633_20171130_1512067137/build-native/host-libs/usr --with-libelf=/tmp/jenkins/jenkins-GCC-7-build_toolchain_docker-633_20171130_1512067137/build-native/host-libs/usr --with-host-libstdcxx='-static-libgcc -Wl,-Bstatic,-lstdc++,-Bdynamic -lm' --with-pkgversion='GNU Tools for Arm Embedded Processors 7-2017-q4-major' --with-multilib-list=rmprofile]
  ignore line: [Thread model: single]
  ignore line: [gcc version 7.2.1 20170904 (release) [ARM/embedded-7-branch revision 255204] (GNU Tools for Arm Embedded Processors 7-2017-q4-major) ]
  ignore line: [COLLECT_GCC_OPTIONS='-v' '-o' 'CMakeFiles/cmTC_5f6a7.dir/CMakeCXXCompilerABI.cpp.obj' '-c']
  ignore line: [ /home/szy/gcc-arm-none-eabi-7-2017-q4-major/bin/../lib/gcc/arm-none-eabi/7.2.1/cc1plus -quiet -v -iprefix /home/szy/gcc-arm-none-eabi-7-2017-q4-major/bin/../lib/gcc/arm-none-eabi/7.2.1/ -isysroot /home/szy/gcc-arm-none-eabi-7-2017-q4-major/bin/../arm-none-eabi -D__USES_INITFINI__ /home/szy/clion-2021.1/bin/cmake/linux/share/cmake-3.19/Modules/CMakeCXXCompilerABI.cpp -quiet -dumpbase CMakeCXXCompilerABI.cpp -auxbase-strip CMakeFiles/cmTC_5f6a7.dir/CMakeCXXCompilerABI.cpp.obj -version -o /tmp/ccVvtwX5.s]
  ignore line: [GNU C++14 (GNU Tools for Arm Embedded Processors 7-2017-q4-major) version 7.2.1 20170904 (release) [ARM/embedded-7-branch revision 255204] (arm-none-eabi)]
  ignore line: [	compiled by GNU C version 4.8.4  GMP version 6.1.0  MPFR version 3.1.4  MPC version 1.0.3  isl version isl-0.15-GMP]
  ignore line: []
  ignore line: [GGC heuristics: --param ggc-min-expand=100 --param ggc-min-heapsize=131072]
  ignore line: [ignoring duplicate directory "/home/szy/gcc-arm-none-eabi-7-2017-q4-major/bin/../lib/gcc/../../lib/gcc/arm-none-eabi/7.2.1/../../../../arm-none-eabi/include/c++/7.2.1"]
  ignore line: [ignoring duplicate directory "/home/szy/gcc-arm-none-eabi-7-2017-q4-major/bin/../lib/gcc/../../lib/gcc/arm-none-eabi/7.2.1/../../../../arm-none-eabi/include/c++/7.2.1/arm-none-eabi"]
  ignore line: [ignoring duplicate directory "/home/szy/gcc-arm-none-eabi-7-2017-q4-major/bin/../lib/gcc/../../lib/gcc/arm-none-eabi/7.2.1/../../../../arm-none-eabi/include/c++/7.2.1/backward"]
  ignore line: [ignoring duplicate directory "/home/szy/gcc-arm-none-eabi-7-2017-q4-major/bin/../lib/gcc/../../lib/gcc/arm-none-eabi/7.2.1/include"]
  ignore line: [ignoring nonexistent directory "/home/szy/gcc-arm-none-eabi-7-2017-q4-major/bin/../arm-none-eabi/usr/local/include"]
  ignore line: [ignoring duplicate directory "/home/szy/gcc-arm-none-eabi-7-2017-q4-major/bin/../lib/gcc/../../lib/gcc/arm-none-eabi/7.2.1/include-fixed"]
  ignore line: [ignoring duplicate directory "/home/szy/gcc-arm-none-eabi-7-2017-q4-major/bin/../lib/gcc/../../lib/gcc/arm-none-eabi/7.2.1/../../../../arm-none-eabi/include"]
  ignore line: [ignoring nonexistent directory "/home/szy/gcc-arm-none-eabi-7-2017-q4-major/bin/../arm-none-eabi/usr/include"]
  ignore line: [#include "..." search starts here:]
  ignore line: [#include <...> search starts here:]
  ignore line: [ /home/szy/gcc-arm-none-eabi-7-2017-q4-major/bin/../lib/gcc/arm-none-eabi/7.2.1/../../../../arm-none-eabi/include/c++/7.2.1]
  ignore line: [ /home/szy/gcc-arm-none-eabi-7-2017-q4-major/bin/../lib/gcc/arm-none-eabi/7.2.1/../../../../arm-none-eabi/include/c++/7.2.1/arm-none-eabi]
  ignore line: [ /home/szy/gcc-arm-none-eabi-7-2017-q4-major/bin/../lib/gcc/arm-none-eabi/7.2.1/../../../../arm-none-eabi/include/c++/7.2.1/backward]
  ignore line: [ /home/szy/gcc-arm-none-eabi-7-2017-q4-major/bin/../lib/gcc/arm-none-eabi/7.2.1/include]
  ignore line: [ /home/szy/gcc-arm-none-eabi-7-2017-q4-major/bin/../lib/gcc/arm-none-eabi/7.2.1/include-fixed]
  ignore line: [ /home/szy/gcc-arm-none-eabi-7-2017-q4-major/bin/../lib/gcc/arm-none-eabi/7.2.1/../../../../arm-none-eabi/include]
  ignore line: [End of search list.]
  ignore line: [GNU C++14 (GNU Tools for Arm Embedded Processors 7-2017-q4-major) version 7.2.1 20170904 (release) [ARM/embedded-7-branch revision 255204] (arm-none-eabi)]
  ignore line: [	compiled by GNU C version 4.8.4  GMP version 6.1.0  MPFR version 3.1.4  MPC version 1.0.3  isl version isl-0.15-GMP]
  ignore line: []
  ignore line: [GGC heuristics: --param ggc-min-expand=100 --param ggc-min-heapsize=131072]
  ignore line: [Compiler executable checksum: 92377522f4e1721a565bc0ceff793996]
  ignore line: [COLLECT_GCC_OPTIONS='-v' '-o' 'CMakeFiles/cmTC_5f6a7.dir/CMakeCXXCompilerABI.cpp.obj' '-c']
  ignore line: [ /home/szy/gcc-arm-none-eabi-7-2017-q4-major/bin/../lib/gcc/arm-none-eabi/7.2.1/../../../../arm-none-eabi/bin/as -v -meabi=5 -o CMakeFiles/cmTC_5f6a7.dir/CMakeCXXCompilerABI.cpp.obj /tmp/ccVvtwX5.s]
  ignore line: [GNU assembler version 2.29.51 (arm-none-eabi) using BFD version (GNU Tools for Arm Embedded Processors 7-2017-q4-major) 2.29.51.20171128]
  ignore line: [COMPILER_PATH=/home/szy/gcc-arm-none-eabi-7-2017-q4-major/bin/../lib/gcc/arm-none-eabi/7.2.1/:/home/szy/gcc-arm-none-eabi-7-2017-q4-major/bin/../lib/gcc/:/home/szy/gcc-arm-none-eabi-7-2017-q4-major/bin/../lib/gcc/arm-none-eabi/7.2.1/../../../../arm-none-eabi/bin/]
  ignore line: [LIBRARY_PATH=/home/szy/gcc-arm-none-eabi-7-2017-q4-major/bin/../lib/gcc/arm-none-eabi/7.2.1/:/home/szy/gcc-arm-none-eabi-7-2017-q4-major/bin/../lib/gcc/:/home/szy/gcc-arm-none-eabi-7-2017-q4-major/bin/../lib/gcc/arm-none-eabi/7.2.1/../../../../arm-none-eabi/lib/:/home/szy/gcc-arm-none-eabi-7-2017-q4-major/bin/../arm-none-eabi/lib/]
  ignore line: [COLLECT_GCC_OPTIONS='-v' '-o' 'CMakeFiles/cmTC_5f6a7.dir/CMakeCXXCompilerABI.cpp.obj' '-c']
  ignore line: [Linking CXX static library libcmTC_5f6a7.a]
  ignore line: [/home/szy/clion-2021.1/bin/cmake/linux/bin/cmake -P CMakeFiles/cmTC_5f6a7.dir/cmake_clean_target.cmake]
  ignore line: [/home/szy/clion-2021.1/bin/cmake/linux/bin/cmake -E cmake_link_script CMakeFiles/cmTC_5f6a7.dir/link.txt --verbose=1]
  ignore line: [arm-none-eabi-ar qc libcmTC_5f6a7.a CMakeFiles/cmTC_5f6a7.dir/CMakeCXXCompilerABI.cpp.obj]
  ignore line: [/home/szy/gcc-arm-none-eabi-7-2017-q4-major/bin/arm-none-eabi-ranlib libcmTC_5f6a7.a]
  ignore line: [make[1]: Leaving directory '/home/szy/STM32-files/tw_cart_chassis_clion/cmake-build-debug/CMakeFiles/CMakeTmp']
  ignore line: []
  ignore line: []
  implicit libs: []
  implicit dirs: []
  implicit fwks: []


